{"D:\\pythonProject\\Matchers\\sortCharacters.js": {"path":"D:\\pythonProject\\Matchers\\sortCharacters.js","statementMap":{"0":{"start":{"line":2,"column":4},"end":{"line":2,"column":66}},"1":{"start":{"line":2,"column":45},"end":{"line":2,"column":64}}},"fnMap":{"0":{"name":"sortCharactersByHealth","decl":{"start":{"line":1,"column":16},"end":{"line":1,"column":38}},"loc":{"start":{"line":1,"column":51},"end":{"line":3,"column":3}},"line":1},"1":{"name":"(anonymous_1)","decl":{"start":{"line":2,"column":35},"end":{"line":2,"column":36}},"loc":{"start":{"line":2,"column":45},"end":{"line":2,"column":64}},"line":2}},"branchMap":{},"s":{"0":2,"1":8},"f":{"0":2,"1":8},"b":{},"_coverageSchema":"1a1c01bbd47fc00a2c39e90264f33305004495a9","hash":"9441e2319545c6721fa180547c06ed795606ffb8"}
}
